find_header: checking for sqlite3.h... -------------------- yes

"gcc -o conftest -I/home/tps/.rvm/rubies/ruby-2.0.0-p247/include/ruby-2.0.0/i686-linux -I/home/tps/.rvm/rubies/ruby-2.0.0-p247/include/ruby-2.0.0/ruby/backward -I/home/tps/.rvm/rubies/ruby-2.0.0-p247/include/ruby-2.0.0 -I.  -D_FILE_OFFSET_BITS=64   -O3 -fno-fast-math -ggdb3 -Wall -Wextra -Wno-unused-parameter -Wno-parentheses -Wno-long-long -Wno-missing-field-initializers -Wunused-variable -Wpointer-arith -Wwrite-strings -Wdeclaration-after-statement -Wimplicit-function-declaration  -fPIC conftest.c  -L. -L/home/tps/.rvm/rubies/ruby-2.0.0-p247/lib -Wl,-R/home/tps/.rvm/rubies/ruby-2.0.0-p247/lib -L. -fstack-protector -rdynamic -Wl,-export-dynamic     -Wl,-R -Wl,/home/tps/.rvm/rubies/ruby-2.0.0-p247/lib -L/home/tps/.rvm/rubies/ruby-2.0.0-p247/lib -lruby  -lpthread -lrt -ldl -lcrypt -lm   -lc"
checked program was:
/* begin */
1: #include "ruby.h"
2: 
3: int main(int argc, char **argv)
4: {
5:   return 0;
6: }
/* end */

"gcc -E -I/home/tps/.rvm/rubies/ruby-2.0.0-p247/include/ruby-2.0.0/i686-linux -I/home/tps/.rvm/rubies/ruby-2.0.0-p247/include/ruby-2.0.0/ruby/backward -I/home/tps/.rvm/rubies/ruby-2.0.0-p247/include/ruby-2.0.0 -I.  -D_FILE_OFFSET_BITS=64   -O3 -fno-fast-math -ggdb3 -Wall -Wextra -Wno-unused-parameter -Wno-parentheses -Wno-long-long -Wno-missing-field-initializers -Wunused-variable -Wpointer-arith -Wwrite-strings -Wdeclaration-after-statement -Wimplicit-function-declaration  -fPIC  conftest.c -o conftest.i"
checked program was:
/* begin */
1: #include "ruby.h"
2: 
3: #include <sqlite3.h>
/* end */

--------------------

find_library: checking for sqlite3_libversion_number() in -lsqlite3... -------------------- yes

"gcc -o conftest -I/home/tps/.rvm/rubies/ruby-2.0.0-p247/include/ruby-2.0.0/i686-linux -I/home/tps/.rvm/rubies/ruby-2.0.0-p247/include/ruby-2.0.0/ruby/backward -I/home/tps/.rvm/rubies/ruby-2.0.0-p247/include/ruby-2.0.0 -I.  -D_FILE_OFFSET_BITS=64   -O3 -fno-fast-math -ggdb3 -Wall -Wextra -Wno-unused-parameter -Wno-parentheses -Wno-long-long -Wno-missing-field-initializers -Wunused-variable -Wpointer-arith -Wwrite-strings -Wdeclaration-after-statement -Wimplicit-function-declaration  -fPIC conftest.c  -L. -L/home/tps/.rvm/rubies/ruby-2.0.0-p247/lib -Wl,-R/home/tps/.rvm/rubies/ruby-2.0.0-p247/lib -L. -fstack-protector -rdynamic -Wl,-export-dynamic     -Wl,-R -Wl,/home/tps/.rvm/rubies/ruby-2.0.0-p247/lib -L/home/tps/.rvm/rubies/ruby-2.0.0-p247/lib -lruby -lsqlite3  -lpthread -lrt -ldl -lcrypt -lm   -lc"
conftest.c: In function ‘t’:
conftest.c:5:57: error: ‘sqlite3_libversion_number’ undeclared (first use in this function)
conftest.c:5:57: note: each undeclared identifier is reported only once for each function it appears in
conftest.c:5:32: warning: variable ‘p’ set but not used [-Wunused-but-set-variable]
checked program was:
/* begin */
 1: #include "ruby.h"
 2: 
 3: /*top*/
 4: extern int t(void);
 5: int t(void) { void ((*volatile p)()); p = (void ((*)()))sqlite3_libversion_number; return 0; }
 6: int main(int argc, char **argv)
 7: {
 8:   if (argc > 1000000) {
 9:     printf("%p", &t);
10:   }
11: 
12:   return 0;
13: }
/* end */

"gcc -o conftest -I/home/tps/.rvm/rubies/ruby-2.0.0-p247/include/ruby-2.0.0/i686-linux -I/home/tps/.rvm/rubies/ruby-2.0.0-p247/include/ruby-2.0.0/ruby/backward -I/home/tps/.rvm/rubies/ruby-2.0.0-p247/include/ruby-2.0.0 -I.  -D_FILE_OFFSET_BITS=64   -O3 -fno-fast-math -ggdb3 -Wall -Wextra -Wno-unused-parameter -Wno-parentheses -Wno-long-long -Wno-missing-field-initializers -Wunused-variable -Wpointer-arith -Wwrite-strings -Wdeclaration-after-statement -Wimplicit-function-declaration  -fPIC conftest.c  -L. -L/home/tps/.rvm/rubies/ruby-2.0.0-p247/lib -Wl,-R/home/tps/.rvm/rubies/ruby-2.0.0-p247/lib -L. -fstack-protector -rdynamic -Wl,-export-dynamic     -Wl,-R -Wl,/home/tps/.rvm/rubies/ruby-2.0.0-p247/lib -L/home/tps/.rvm/rubies/ruby-2.0.0-p247/lib -lruby -lsqlite3  -lpthread -lrt -ldl -lcrypt -lm   -lc"
conftest.c: In function ‘t’:
conftest.c:5:1: warning: implicit declaration of function ‘sqlite3_libversion_number’ [-Wimplicit-function-declaration]
checked program was:
/* begin */
 1: #include "ruby.h"
 2: 
 3: /*top*/
 4: extern int t(void);
 5: int t(void) { sqlite3_libversion_number(); return 0; }
 6: int main(int argc, char **argv)
 7: {
 8:   if (argc > 1000000) {
 9:     printf("%p", &t);
10:   }
11: 
12:   return 0;
13: }
/* end */

--------------------

have_func: checking for rb_proc_arity()... -------------------- yes

"gcc -o conftest -I/home/tps/.rvm/rubies/ruby-2.0.0-p247/include/ruby-2.0.0/i686-linux -I/home/tps/.rvm/rubies/ruby-2.0.0-p247/include/ruby-2.0.0/ruby/backward -I/home/tps/.rvm/rubies/ruby-2.0.0-p247/include/ruby-2.0.0 -I.  -D_FILE_OFFSET_BITS=64   -O3 -fno-fast-math -ggdb3 -Wall -Wextra -Wno-unused-parameter -Wno-parentheses -Wno-long-long -Wno-missing-field-initializers -Wunused-variable -Wpointer-arith -Wwrite-strings -Wdeclaration-after-statement -Wimplicit-function-declaration  -fPIC conftest.c  -L. -L/home/tps/.rvm/rubies/ruby-2.0.0-p247/lib -Wl,-R/home/tps/.rvm/rubies/ruby-2.0.0-p247/lib -L. -fstack-protector -rdynamic -Wl,-export-dynamic    -lsqlite3  -Wl,-R -Wl,/home/tps/.rvm/rubies/ruby-2.0.0-p247/lib -L/home/tps/.rvm/rubies/ruby-2.0.0-p247/lib -lruby -lsqlite3  -lpthread -lrt -ldl -lcrypt -lm   -lc"
conftest.c: In function ‘t’:
conftest.c:5:32: warning: variable ‘p’ set but not used [-Wunused-but-set-variable]
checked program was:
/* begin */
 1: #include "ruby.h"
 2: 
 3: /*top*/
 4: extern int t(void);
 5: int t(void) { void ((*volatile p)()); p = (void ((*)()))rb_proc_arity; return 0; }
 6: int main(int argc, char **argv)
 7: {
 8:   if (argc > 1000000) {
 9:     printf("%p", &t);
10:   }
11: 
12:   return 0;
13: }
/* end */

--------------------

have_func: checking for sqlite3_initialize()... -------------------- yes

"gcc -o conftest -I/home/tps/.rvm/rubies/ruby-2.0.0-p247/include/ruby-2.0.0/i686-linux -I/home/tps/.rvm/rubies/ruby-2.0.0-p247/include/ruby-2.0.0/ruby/backward -I/home/tps/.rvm/rubies/ruby-2.0.0-p247/include/ruby-2.0.0 -I.  -D_FILE_OFFSET_BITS=64   -O3 -fno-fast-math -ggdb3 -Wall -Wextra -Wno-unused-parameter -Wno-parentheses -Wno-long-long -Wno-missing-field-initializers -Wunused-variable -Wpointer-arith -Wwrite-strings -Wdeclaration-after-statement -Wimplicit-function-declaration  -fPIC conftest.c  -L. -L/home/tps/.rvm/rubies/ruby-2.0.0-p247/lib -Wl,-R/home/tps/.rvm/rubies/ruby-2.0.0-p247/lib -L. -fstack-protector -rdynamic -Wl,-export-dynamic    -lsqlite3  -Wl,-R -Wl,/home/tps/.rvm/rubies/ruby-2.0.0-p247/lib -L/home/tps/.rvm/rubies/ruby-2.0.0-p247/lib -lruby -lsqlite3  -lpthread -lrt -ldl -lcrypt -lm   -lc"
conftest.c: In function ‘t’:
conftest.c:5:57: error: ‘sqlite3_initialize’ undeclared (first use in this function)
conftest.c:5:57: note: each undeclared identifier is reported only once for each function it appears in
conftest.c:5:32: warning: variable ‘p’ set but not used [-Wunused-but-set-variable]
checked program was:
/* begin */
 1: #include "ruby.h"
 2: 
 3: /*top*/
 4: extern int t(void);
 5: int t(void) { void ((*volatile p)()); p = (void ((*)()))sqlite3_initialize; return 0; }
 6: int main(int argc, char **argv)
 7: {
 8:   if (argc > 1000000) {
 9:     printf("%p", &t);
10:   }
11: 
12:   return 0;
13: }
/* end */

"gcc -o conftest -I/home/tps/.rvm/rubies/ruby-2.0.0-p247/include/ruby-2.0.0/i686-linux -I/home/tps/.rvm/rubies/ruby-2.0.0-p247/include/ruby-2.0.0/ruby/backward -I/home/tps/.rvm/rubies/ruby-2.0.0-p247/include/ruby-2.0.0 -I.  -D_FILE_OFFSET_BITS=64   -O3 -fno-fast-math -ggdb3 -Wall -Wextra -Wno-unused-parameter -Wno-parentheses -Wno-long-long -Wno-missing-field-initializers -Wunused-variable -Wpointer-arith -Wwrite-strings -Wdeclaration-after-statement -Wimplicit-function-declaration  -fPIC conftest.c  -L. -L/home/tps/.rvm/rubies/ruby-2.0.0-p247/lib -Wl,-R/home/tps/.rvm/rubies/ruby-2.0.0-p247/lib -L. -fstack-protector -rdynamic -Wl,-export-dynamic    -lsqlite3  -Wl,-R -Wl,/home/tps/.rvm/rubies/ruby-2.0.0-p247/lib -L/home/tps/.rvm/rubies/ruby-2.0.0-p247/lib -lruby -lsqlite3  -lpthread -lrt -ldl -lcrypt -lm   -lc"
conftest.c: In function ‘t’:
conftest.c:5:1: warning: implicit declaration of function ‘sqlite3_initialize’ [-Wimplicit-function-declaration]
checked program was:
/* begin */
 1: #include "ruby.h"
 2: 
 3: /*top*/
 4: extern int t(void);
 5: int t(void) { sqlite3_initialize(); return 0; }
 6: int main(int argc, char **argv)
 7: {
 8:   if (argc > 1000000) {
 9:     printf("%p", &t);
10:   }
11: 
12:   return 0;
13: }
/* end */

--------------------

have_func: checking for sqlite3_backup_init()... -------------------- yes

"gcc -o conftest -I/home/tps/.rvm/rubies/ruby-2.0.0-p247/include/ruby-2.0.0/i686-linux -I/home/tps/.rvm/rubies/ruby-2.0.0-p247/include/ruby-2.0.0/ruby/backward -I/home/tps/.rvm/rubies/ruby-2.0.0-p247/include/ruby-2.0.0 -I.  -D_FILE_OFFSET_BITS=64   -O3 -fno-fast-math -ggdb3 -Wall -Wextra -Wno-unused-parameter -Wno-parentheses -Wno-long-long -Wno-missing-field-initializers -Wunused-variable -Wpointer-arith -Wwrite-strings -Wdeclaration-after-statement -Wimplicit-function-declaration  -fPIC conftest.c  -L. -L/home/tps/.rvm/rubies/ruby-2.0.0-p247/lib -Wl,-R/home/tps/.rvm/rubies/ruby-2.0.0-p247/lib -L. -fstack-protector -rdynamic -Wl,-export-dynamic    -lsqlite3  -Wl,-R -Wl,/home/tps/.rvm/rubies/ruby-2.0.0-p247/lib -L/home/tps/.rvm/rubies/ruby-2.0.0-p247/lib -lruby -lsqlite3  -lpthread -lrt -ldl -lcrypt -lm   -lc"
conftest.c: In function ‘t’:
conftest.c:5:57: error: ‘sqlite3_backup_init’ undeclared (first use in this function)
conftest.c:5:57: note: each undeclared identifier is reported only once for each function it appears in
conftest.c:5:32: warning: variable ‘p’ set but not used [-Wunused-but-set-variable]
checked program was:
/* begin */
 1: #include "ruby.h"
 2: 
 3: /*top*/
 4: extern int t(void);
 5: int t(void) { void ((*volatile p)()); p = (void ((*)()))sqlite3_backup_init; return 0; }
 6: int main(int argc, char **argv)
 7: {
 8:   if (argc > 1000000) {
 9:     printf("%p", &t);
10:   }
11: 
12:   return 0;
13: }
/* end */

"gcc -o conftest -I/home/tps/.rvm/rubies/ruby-2.0.0-p247/include/ruby-2.0.0/i686-linux -I/home/tps/.rvm/rubies/ruby-2.0.0-p247/include/ruby-2.0.0/ruby/backward -I/home/tps/.rvm/rubies/ruby-2.0.0-p247/include/ruby-2.0.0 -I.  -D_FILE_OFFSET_BITS=64   -O3 -fno-fast-math -ggdb3 -Wall -Wextra -Wno-unused-parameter -Wno-parentheses -Wno-long-long -Wno-missing-field-initializers -Wunused-variable -Wpointer-arith -Wwrite-strings -Wdeclaration-after-statement -Wimplicit-function-declaration  -fPIC conftest.c  -L. -L/home/tps/.rvm/rubies/ruby-2.0.0-p247/lib -Wl,-R/home/tps/.rvm/rubies/ruby-2.0.0-p247/lib -L. -fstack-protector -rdynamic -Wl,-export-dynamic    -lsqlite3  -Wl,-R -Wl,/home/tps/.rvm/rubies/ruby-2.0.0-p247/lib -L/home/tps/.rvm/rubies/ruby-2.0.0-p247/lib -lruby -lsqlite3  -lpthread -lrt -ldl -lcrypt -lm   -lc"
conftest.c: In function ‘t’:
conftest.c:5:1: warning: implicit declaration of function ‘sqlite3_backup_init’ [-Wimplicit-function-declaration]
checked program was:
/* begin */
 1: #include "ruby.h"
 2: 
 3: /*top*/
 4: extern int t(void);
 5: int t(void) { sqlite3_backup_init(); return 0; }
 6: int main(int argc, char **argv)
 7: {
 8:   if (argc > 1000000) {
 9:     printf("%p", &t);
10:   }
11: 
12:   return 0;
13: }
/* end */

--------------------

have_func: checking for sqlite3_column_database_name()... -------------------- yes

"gcc -o conftest -I/home/tps/.rvm/rubies/ruby-2.0.0-p247/include/ruby-2.0.0/i686-linux -I/home/tps/.rvm/rubies/ruby-2.0.0-p247/include/ruby-2.0.0/ruby/backward -I/home/tps/.rvm/rubies/ruby-2.0.0-p247/include/ruby-2.0.0 -I.  -D_FILE_OFFSET_BITS=64   -O3 -fno-fast-math -ggdb3 -Wall -Wextra -Wno-unused-parameter -Wno-parentheses -Wno-long-long -Wno-missing-field-initializers -Wunused-variable -Wpointer-arith -Wwrite-strings -Wdeclaration-after-statement -Wimplicit-function-declaration  -fPIC conftest.c  -L. -L/home/tps/.rvm/rubies/ruby-2.0.0-p247/lib -Wl,-R/home/tps/.rvm/rubies/ruby-2.0.0-p247/lib -L. -fstack-protector -rdynamic -Wl,-export-dynamic    -lsqlite3  -Wl,-R -Wl,/home/tps/.rvm/rubies/ruby-2.0.0-p247/lib -L/home/tps/.rvm/rubies/ruby-2.0.0-p247/lib -lruby -lsqlite3  -lpthread -lrt -ldl -lcrypt -lm   -lc"
conftest.c: In function ‘t’:
conftest.c:5:57: error: ‘sqlite3_column_database_name’ undeclared (first use in this function)
conftest.c:5:57: note: each undeclared identifier is reported only once for each function it appears in
conftest.c:5:32: warning: variable ‘p’ set but not used [-Wunused-but-set-variable]
checked program was:
/* begin */
 1: #include "ruby.h"
 2: 
 3: /*top*/
 4: extern int t(void);
 5: int t(void) { void ((*volatile p)()); p = (void ((*)()))sqlite3_column_database_name; return 0; }
 6: int main(int argc, char **argv)
 7: {
 8:   if (argc > 1000000) {
 9:     printf("%p", &t);
10:   }
11: 
12:   return 0;
13: }
/* end */

"gcc -o conftest -I/home/tps/.rvm/rubies/ruby-2.0.0-p247/include/ruby-2.0.0/i686-linux -I/home/tps/.rvm/rubies/ruby-2.0.0-p247/include/ruby-2.0.0/ruby/backward -I/home/tps/.rvm/rubies/ruby-2.0.0-p247/include/ruby-2.0.0 -I.  -D_FILE_OFFSET_BITS=64   -O3 -fno-fast-math -ggdb3 -Wall -Wextra -Wno-unused-parameter -Wno-parentheses -Wno-long-long -Wno-missing-field-initializers -Wunused-variable -Wpointer-arith -Wwrite-strings -Wdeclaration-after-statement -Wimplicit-function-declaration  -fPIC conftest.c  -L. -L/home/tps/.rvm/rubies/ruby-2.0.0-p247/lib -Wl,-R/home/tps/.rvm/rubies/ruby-2.0.0-p247/lib -L. -fstack-protector -rdynamic -Wl,-export-dynamic    -lsqlite3  -Wl,-R -Wl,/home/tps/.rvm/rubies/ruby-2.0.0-p247/lib -L/home/tps/.rvm/rubies/ruby-2.0.0-p247/lib -lruby -lsqlite3  -lpthread -lrt -ldl -lcrypt -lm   -lc"
conftest.c: In function ‘t’:
conftest.c:5:1: warning: implicit declaration of function ‘sqlite3_column_database_name’ [-Wimplicit-function-declaration]
checked program was:
/* begin */
 1: #include "ruby.h"
 2: 
 3: /*top*/
 4: extern int t(void);
 5: int t(void) { sqlite3_column_database_name(); return 0; }
 6: int main(int argc, char **argv)
 7: {
 8:   if (argc > 1000000) {
 9:     printf("%p", &t);
10:   }
11: 
12:   return 0;
13: }
/* end */

--------------------

have_func: checking for sqlite3_enable_load_extension()... -------------------- yes

"gcc -o conftest -I/home/tps/.rvm/rubies/ruby-2.0.0-p247/include/ruby-2.0.0/i686-linux -I/home/tps/.rvm/rubies/ruby-2.0.0-p247/include/ruby-2.0.0/ruby/backward -I/home/tps/.rvm/rubies/ruby-2.0.0-p247/include/ruby-2.0.0 -I.  -D_FILE_OFFSET_BITS=64   -O3 -fno-fast-math -ggdb3 -Wall -Wextra -Wno-unused-parameter -Wno-parentheses -Wno-long-long -Wno-missing-field-initializers -Wunused-variable -Wpointer-arith -Wwrite-strings -Wdeclaration-after-statement -Wimplicit-function-declaration  -fPIC conftest.c  -L. -L/home/tps/.rvm/rubies/ruby-2.0.0-p247/lib -Wl,-R/home/tps/.rvm/rubies/ruby-2.0.0-p247/lib -L. -fstack-protector -rdynamic -Wl,-export-dynamic    -lsqlite3  -Wl,-R -Wl,/home/tps/.rvm/rubies/ruby-2.0.0-p247/lib -L/home/tps/.rvm/rubies/ruby-2.0.0-p247/lib -lruby -lsqlite3  -lpthread -lrt -ldl -lcrypt -lm   -lc"
conftest.c: In function ‘t’:
conftest.c:5:57: error: ‘sqlite3_enable_load_extension’ undeclared (first use in this function)
conftest.c:5:57: note: each undeclared identifier is reported only once for each function it appears in
conftest.c:5:32: warning: variable ‘p’ set but not used [-Wunused-but-set-variable]
checked program was:
/* begin */
 1: #include "ruby.h"
 2: 
 3: /*top*/
 4: extern int t(void);
 5: int t(void) { void ((*volatile p)()); p = (void ((*)()))sqlite3_enable_load_extension; return 0; }
 6: int main(int argc, char **argv)
 7: {
 8:   if (argc > 1000000) {
 9:     printf("%p", &t);
10:   }
11: 
12:   return 0;
13: }
/* end */

"gcc -o conftest -I/home/tps/.rvm/rubies/ruby-2.0.0-p247/include/ruby-2.0.0/i686-linux -I/home/tps/.rvm/rubies/ruby-2.0.0-p247/include/ruby-2.0.0/ruby/backward -I/home/tps/.rvm/rubies/ruby-2.0.0-p247/include/ruby-2.0.0 -I.  -D_FILE_OFFSET_BITS=64   -O3 -fno-fast-math -ggdb3 -Wall -Wextra -Wno-unused-parameter -Wno-parentheses -Wno-long-long -Wno-missing-field-initializers -Wunused-variable -Wpointer-arith -Wwrite-strings -Wdeclaration-after-statement -Wimplicit-function-declaration  -fPIC conftest.c  -L. -L/home/tps/.rvm/rubies/ruby-2.0.0-p247/lib -Wl,-R/home/tps/.rvm/rubies/ruby-2.0.0-p247/lib -L. -fstack-protector -rdynamic -Wl,-export-dynamic    -lsqlite3  -Wl,-R -Wl,/home/tps/.rvm/rubies/ruby-2.0.0-p247/lib -L/home/tps/.rvm/rubies/ruby-2.0.0-p247/lib -lruby -lsqlite3  -lpthread -lrt -ldl -lcrypt -lm   -lc"
conftest.c: In function ‘t’:
conftest.c:5:1: warning: implicit declaration of function ‘sqlite3_enable_load_extension’ [-Wimplicit-function-declaration]
checked program was:
/* begin */
 1: #include "ruby.h"
 2: 
 3: /*top*/
 4: extern int t(void);
 5: int t(void) { sqlite3_enable_load_extension(); return 0; }
 6: int main(int argc, char **argv)
 7: {
 8:   if (argc > 1000000) {
 9:     printf("%p", &t);
10:   }
11: 
12:   return 0;
13: }
/* end */

--------------------

have_func: checking for sqlite3_load_extension()... -------------------- yes

"gcc -o conftest -I/home/tps/.rvm/rubies/ruby-2.0.0-p247/include/ruby-2.0.0/i686-linux -I/home/tps/.rvm/rubies/ruby-2.0.0-p247/include/ruby-2.0.0/ruby/backward -I/home/tps/.rvm/rubies/ruby-2.0.0-p247/include/ruby-2.0.0 -I.  -D_FILE_OFFSET_BITS=64   -O3 -fno-fast-math -ggdb3 -Wall -Wextra -Wno-unused-parameter -Wno-parentheses -Wno-long-long -Wno-missing-field-initializers -Wunused-variable -Wpointer-arith -Wwrite-strings -Wdeclaration-after-statement -Wimplicit-function-declaration  -fPIC conftest.c  -L. -L/home/tps/.rvm/rubies/ruby-2.0.0-p247/lib -Wl,-R/home/tps/.rvm/rubies/ruby-2.0.0-p247/lib -L. -fstack-protector -rdynamic -Wl,-export-dynamic    -lsqlite3  -Wl,-R -Wl,/home/tps/.rvm/rubies/ruby-2.0.0-p247/lib -L/home/tps/.rvm/rubies/ruby-2.0.0-p247/lib -lruby -lsqlite3  -lpthread -lrt -ldl -lcrypt -lm   -lc"
conftest.c: In function ‘t’:
conftest.c:5:57: error: ‘sqlite3_load_extension’ undeclared (first use in this function)
conftest.c:5:57: note: each undeclared identifier is reported only once for each function it appears in
conftest.c:5:32: warning: variable ‘p’ set but not used [-Wunused-but-set-variable]
checked program was:
/* begin */
 1: #include "ruby.h"
 2: 
 3: /*top*/
 4: extern int t(void);
 5: int t(void) { void ((*volatile p)()); p = (void ((*)()))sqlite3_load_extension; return 0; }
 6: int main(int argc, char **argv)
 7: {
 8:   if (argc > 1000000) {
 9:     printf("%p", &t);
10:   }
11: 
12:   return 0;
13: }
/* end */

"gcc -o conftest -I/home/tps/.rvm/rubies/ruby-2.0.0-p247/include/ruby-2.0.0/i686-linux -I/home/tps/.rvm/rubies/ruby-2.0.0-p247/include/ruby-2.0.0/ruby/backward -I/home/tps/.rvm/rubies/ruby-2.0.0-p247/include/ruby-2.0.0 -I.  -D_FILE_OFFSET_BITS=64   -O3 -fno-fast-math -ggdb3 -Wall -Wextra -Wno-unused-parameter -Wno-parentheses -Wno-long-long -Wno-missing-field-initializers -Wunused-variable -Wpointer-arith -Wwrite-strings -Wdeclaration-after-statement -Wimplicit-function-declaration  -fPIC conftest.c  -L. -L/home/tps/.rvm/rubies/ruby-2.0.0-p247/lib -Wl,-R/home/tps/.rvm/rubies/ruby-2.0.0-p247/lib -L. -fstack-protector -rdynamic -Wl,-export-dynamic    -lsqlite3  -Wl,-R -Wl,/home/tps/.rvm/rubies/ruby-2.0.0-p247/lib -L/home/tps/.rvm/rubies/ruby-2.0.0-p247/lib -lruby -lsqlite3  -lpthread -lrt -ldl -lcrypt -lm   -lc"
conftest.c: In function ‘t’:
conftest.c:5:1: warning: implicit declaration of function ‘sqlite3_load_extension’ [-Wimplicit-function-declaration]
checked program was:
/* begin */
 1: #include "ruby.h"
 2: 
 3: /*top*/
 4: extern int t(void);
 5: int t(void) { sqlite3_load_extension(); return 0; }
 6: int main(int argc, char **argv)
 7: {
 8:   if (argc > 1000000) {
 9:     printf("%p", &t);
10:   }
11: 
12:   return 0;
13: }
/* end */

--------------------

